mode: set
github.com/gopherland/target_labs/gql/internal/schema.resolvers.go:13.110,15.2 1 1
github.com/gopherland/target_labs/gql/internal/schema.resolvers.go:17.96,19.2 1 1
github.com/gopherland/target_labs/gql/internal/schema.resolvers.go:21.92,23.2 1 1
github.com/gopherland/target_labs/gql/internal/schema.resolvers.go:25.102,27.2 1 1
github.com/gopherland/target_labs/gql/internal/schema.resolvers.go:29.77,31.2 1 1
github.com/gopherland/target_labs/gql/internal/schema.resolvers.go:33.81,35.2 1 1
github.com/gopherland/target_labs/gql/internal/schema.resolvers.go:37.93,39.2 1 1
github.com/gopherland/target_labs/gql/internal/schema.resolvers.go:42.58,42.89 1 1
github.com/gopherland/target_labs/gql/internal/schema.resolvers.go:45.52,45.80 1 1
github.com/gopherland/target_labs/gql/internal/resolver.go:22.30,27.2 1 1
github.com/gopherland/target_labs/gql/internal/resolver.go:29.77,30.34 1 1
github.com/gopherland/target_labs/gql/internal/resolver.go:34.2,37.16 3 1
github.com/gopherland/target_labs/gql/internal/resolver.go:30.34,32.3 1 1
github.com/gopherland/target_labs/gql/internal/resolver.go:40.44,42.28 2 1
github.com/gopherland/target_labs/gql/internal/resolver.go:46.2,46.11 1 1
github.com/gopherland/target_labs/gql/internal/resolver.go:42.28,44.3 1 1
github.com/gopherland/target_labs/gql/internal/resolver.go:49.48,51.30 2 1
github.com/gopherland/target_labs/gql/internal/resolver.go:55.2,55.11 1 1
github.com/gopherland/target_labs/gql/internal/resolver.go:51.30,53.3 1 1
github.com/gopherland/target_labs/gql/internal/resolver.go:58.67,59.32 1 1
github.com/gopherland/target_labs/gql/internal/resolver.go:65.2,65.58 1 1
github.com/gopherland/target_labs/gql/internal/resolver.go:59.32,63.3 3 1
github.com/gopherland/target_labs/gql/internal/resolver.go:68.67,69.33 1 1
github.com/gopherland/target_labs/gql/internal/resolver.go:73.2,74.28 2 1
github.com/gopherland/target_labs/gql/internal/resolver.go:82.2,82.16 1 1
github.com/gopherland/target_labs/gql/internal/resolver.go:69.33,71.3 1 1
github.com/gopherland/target_labs/gql/internal/resolver.go:74.28,75.31 1 1
github.com/gopherland/target_labs/gql/internal/resolver.go:75.31,76.18 1 1
github.com/gopherland/target_labs/gql/internal/resolver.go:76.18,78.5 1 1
github.com/gopherland/target_labs/gql/internal/resolver.go:85.73,87.28 2 1
github.com/gopherland/target_labs/gql/internal/resolver.go:94.2,94.22 1 1
github.com/gopherland/target_labs/gql/internal/resolver.go:98.2,98.67 1 1
github.com/gopherland/target_labs/gql/internal/resolver.go:87.28,88.31 1 1
github.com/gopherland/target_labs/gql/internal/resolver.go:88.31,91.4 2 1
github.com/gopherland/target_labs/gql/internal/resolver.go:94.22,96.3 1 1
github.com/gopherland/target_labs/gql/internal/resolver.go:101.63,102.30 1 1
github.com/gopherland/target_labs/gql/internal/resolver.go:107.2,107.56 1 1
github.com/gopherland/target_labs/gql/internal/resolver.go:102.30,105.3 2 1
github.com/gopherland/target_labs/gql/internal/resolver.go:112.51,113.23 1 1
github.com/gopherland/target_labs/gql/internal/resolver.go:118.2,118.14 1 1
github.com/gopherland/target_labs/gql/internal/resolver.go:113.23,114.17 1 1
github.com/gopherland/target_labs/gql/internal/resolver.go:114.17,116.4 1 1
